<?xml version="1.0" encoding="UTF-8"?>
<testng-results ignored="0" total="2" passed="2" failed="0" skipped="0">
  <reporter-output>
  </reporter-output>
  <suite started-at="2026-03-07T22:22:21 CET" name="Surefire suite" finished-at="2026-03-07T22:22:36 CET" duration-ms="15197">
    <groups>
    </groups>
    <test started-at="2026-03-07T22:22:21 CET" name="Surefire test" finished-at="2026-03-07T22:22:36 CET" duration-ms="15197">
      <class name="com.parabank.LoginTest">
        <test-method is-config="true" signature="setup()[pri:0, instance:com.parabank.LoginTest@40e6dfe1]" started-at="2026-03-07T22:22:21 CET" name="setup" finished-at="2026-03-07T22:22:31 CET" duration-ms="10123" status="PASS">
          <reporter-output>
          </reporter-output>
        </test-method> <!-- setup -->
        <test-method signature="invalidLoginTest()[pri:0, instance:com.parabank.LoginTest@40e6dfe1]" started-at="2026-03-07T22:22:31 CET" name="invalidLoginTest" finished-at="2026-03-07T22:22:35 CET" duration-ms="3572" status="PASS">
          <reporter-output>
          </reporter-output>
        </test-method> <!-- invalidLoginTest -->
        <test-method signature="validLoginTest()[pri:0, instance:com.parabank.LoginTest@40e6dfe1]" started-at="2026-03-07T22:22:35 CET" name="validLoginTest" finished-at="2026-03-07T22:22:36 CET" duration-ms="1311" status="PASS">
          <reporter-output>
          </reporter-output>
        </test-method> <!-- validLoginTest -->
        <test-method is-config="true" signature="teardown()[pri:0, instance:com.parabank.LoginTest@40e6dfe1]" started-at="2026-03-07T22:22:36 CET" name="teardown" finished-at="2026-03-07T22:22:36 CET" duration-ms="160" status="PASS">
          <reporter-output>
          </reporter-output>
        </test-method> <!-- teardown -->
      </class> <!-- com.parabank.LoginTest -->
    </test> <!-- Surefire test -->
  </suite> <!-- Surefire suite -->
</testng-results>
